<?xml version="1.0" encoding="UTF-8"?>
<robot generator="Robot 7.0rc3 (Python 3.12.2 on darwin)" generated="2024-05-31T01:22:32.730294" rpa="false" schemaversion="5">
<suite id="s1" name="FindNewCarsTest" source="/Users/danychristeh/Documents/Pycharm/RobotFramework/Live_Big_Project/TestCases/FindNewCarsTest.robot">
<test id="s1-t1" name="Find New Cars Test" line="18">
<kw name="launching browser" owner="Common">
<kw name="Open Browser" owner="SeleniumLibrary">
<msg time="2024-05-31T01:22:33.270587" level="INFO">Opening browser 'Edge' to base url 'https://www.carwale.com/'.</msg>
<arg>${url}</arg>
<arg>${browserName}</arg>
<doc>Opens a new browser instance to the optional ``url``.</doc>
<status status="PASS" start="2024-05-31T01:22:33.269860" elapsed="5.490352"/>
</kw>
<kw name="Set Selenium Implicit Wait" owner="SeleniumLibrary">
<arg>10 seconds</arg>
<doc>Sets the implicit wait value used by Selenium.</doc>
<status status="PASS" start="2024-05-31T01:22:38.764488" elapsed="0.008168"/>
</kw>
<kw name="Log Title" owner="SeleniumLibrary">
<msg time="2024-05-31T01:22:38.780553" level="INFO">New Cars, Used Cars, Buy a Car, Sell Your Car - CarWale</msg>
<doc>Logs and returns the title of the current page.</doc>
<status status="PASS" start="2024-05-31T01:22:38.773064" elapsed="0.007699"/>
</kw>
<arg>${testsiteurl}</arg>
<arg>Edge</arg>
<status status="PASS" start="2024-05-31T01:22:33.266807" elapsed="5.514459"/>
</kw>
<kw name="go to new cars page" owner="HomePage">
<kw name="Mouse Over" owner="SeleniumLibrary">
<msg time="2024-05-31T01:22:38.788588" level="INFO">Simulating Mouse Over on element '//div[normalize-space()='NEW CARS']'.</msg>
<arg>${newcar_xpath}</arg>
<doc>Simulates hovering the mouse over the element ``locator``.</doc>
<status status="PASS" start="2024-05-31T01:22:38.783732" elapsed="0.346993"/>
</kw>
<kw name="Click Element" owner="SeleniumLibrary">
<msg time="2024-05-31T01:22:39.131996" level="INFO">Clicking element '//div[contains(text(),'Find New Cars')]'.</msg>
<arg>${findnewcar_xpath}</arg>
<doc>Click the element identified by ``locator``.</doc>
<status status="PASS" start="2024-05-31T01:22:39.131368" elapsed="0.470412"/>
</kw>
<kw name="Element Text Should Be" owner="SeleniumLibrary">
<msg time="2024-05-31T01:22:39.603348" level="INFO">Verifying element '//h1[normalize-space()='New Cars']' contains exact text 'New Cars'.</msg>
<arg>${newcar_header_xpath}</arg>
<arg>New Cars</arg>
<doc>Verifies that element ``locator`` contains exact the text ``expected``.</doc>
<status status="PASS" start="2024-05-31T01:22:39.602166" elapsed="0.761359"/>
</kw>
<status status="PASS" start="2024-05-31T01:22:38.782825" elapsed="1.580910"/>
</kw>
<kw name="Find new Cars" owner="HomePage">
<kw name="Click Element" owner="SeleniumLibrary">
<msg time="2024-05-31T01:22:40.365285" level="INFO">Clicking element '//div[@aria-label='View More Brands']'.</msg>
<arg>${viewmorebrand_xpath}</arg>
<doc>Click the element identified by ``locator``.</doc>
<status status="PASS" start="2024-05-31T01:22:40.364877" elapsed="0.198261"/>
</kw>
<status status="PASS" start="2024-05-31T01:22:40.364306" elapsed="0.198973"/>
</kw>
<kw name="Go to Jaguar" owner="NewCarPage">
<kw name="Click Element" owner="SeleniumLibrary">
<msg time="2024-05-31T01:22:40.564500" level="INFO">Clicking element '//div[normalize-space()='Jaguar']'.</msg>
<arg>${jaguarcar_xpath}</arg>
<doc>Click the element identified by ``locator``.</doc>
<status status="PASS" start="2024-05-31T01:22:40.564099" elapsed="0.413255"/>
</kw>
<status status="PASS" start="2024-05-31T01:22:40.563638" elapsed="0.413934"/>
</kw>
<kw name="verify car heading" owner="CarBase">
<kw name="Element Text Should Be" owner="SeleniumLibrary">
<msg time="2024-05-31T01:22:40.979852" level="INFO">Verifying element '//*[@id='root']/div[2]/div/div/div[2]/div/h1' contains exact text 'Jaguar Cars'.</msg>
<arg>${carheading_xpage}</arg>
<arg>${carheading}</arg>
<doc>Verifies that element ``locator`` contains exact the text ``expected``.</doc>
<status status="PASS" start="2024-05-31T01:22:40.979437" elapsed="1.071635"/>
</kw>
<arg>Jaguar Cars</arg>
<status status="PASS" start="2024-05-31T01:22:40.978110" elapsed="1.073109"/>
</kw>
<kw name="Sleep" owner="BuiltIn">
<msg time="2024-05-31T01:22:44.054430" level="INFO">Slept 2 seconds.</msg>
<arg>2s</arg>
<doc>Pauses the test executed for the given time.</doc>
<status status="PASS" start="2024-05-31T01:22:42.051572" elapsed="2.003067"/>
</kw>
<kw name="Finish Test Case" owner="Common" type="TEARDOWN">
<kw name="Log" owner="BuiltIn">
<msg time="2024-05-31T01:22:44.056972" level="INFO">Ending the test case</msg>
<arg>Ending the test case</arg>
<doc>Logs the given message with the given level.</doc>
<status status="PASS" start="2024-05-31T01:22:44.056651" elapsed="0.000454"/>
</kw>
<kw name="Close Browser" owner="SeleniumLibrary">
<doc>Closes the current browser.</doc>
<status status="PASS" start="2024-05-31T01:22:44.057416" elapsed="0.273695"/>
</kw>
<status status="PASS" start="2024-05-31T01:22:44.055828" elapsed="0.275439"/>
</kw>
<status status="PASS" start="2024-05-31T01:22:33.266030" elapsed="11.065449"/>
</test>
<status status="PASS" start="2024-05-31T01:22:32.733142" elapsed="11.599884"/>
</suite>
<statistics>
<total>
<stat pass="1" fail="0" skip="0">All Tests</stat>
</total>
<tag>
</tag>
<suite>
<stat pass="1" fail="0" skip="0" id="s1" name="FindNewCarsTest">FindNewCarsTest</stat>
</suite>
</statistics>
<errors>
<msg time="2024-05-31T01:22:33.254937" level="ERROR">Error in file '/Users/danychristeh/Documents/Pycharm/RobotFramework/Live_Big_Project/Resources/Common.robot' on line 4: Variable file 'Resources/Locator.py' does not exist.</msg>
</errors>
</robot>
